time="2025-12-17T08:34:00+07:00" level=info msg="Application started"
time="2025-12-17T08:34:00+07:00" level=info msg="Server running on port :8000"
time="2025-12-17T08:34:00+07:00" level=fatal msg="listen tcp :8000: bind: address already in use"
time="2025-12-17T08:34:45+07:00" level=info msg="Application started"
time="2025-12-17T08:34:45+07:00" level=info msg="Server running on port :8080"
time="2025-12-17T08:37:31+07:00" level=info msg="Application started"
time="2025-12-17T08:37:31+07:00" level=info msg="Server running on port :8080"
time="2025-12-17T08:37:33+07:00" level=info msg="Application started"
time="2025-12-17T08:37:33+07:00" level=info msg="Server running on port :8080"
time="2025-12-17T08:37:36+07:00" level=info msg="Application started"
time="2025-12-17T08:37:36+07:00" level=info msg="Server running on port :8080"
time="2025-12-17T08:37:40+07:00" level=info msg="Application started"
time="2025-12-17T08:37:40+07:00" level=info msg="Ini adalah service dari memory&{0xc00011c450}"
time="2025-12-17T08:37:40+07:00" level=info msg="Server running on port :8080"
time="2025-12-17T08:40:12+07:00" level=info msg="Application started"
time="2025-12-17T08:40:12+07:00" level=info msg="Ini adalah service dari memory&{0xc00005c458}"
time="2025-12-17T08:40:12+07:00" level=info msg="Server running on port :8080"
time="2025-12-17T08:40:40+07:00" level=info msg="Application started"
time="2025-12-17T08:40:40+07:00" level=info msg="Ini adalah service dari memory&{0xc00011c450}"
time="2025-12-17T08:40:40+07:00" level=info msg="Server running on port :8080"
time="2025-12-17T08:40:43+07:00" level=info msg="Success response" message="Gagal mengambil data kategori" status=500
time="2025-12-17T08:40:53+07:00" level=info msg="Success response" message="Gagal membuat kategori" status=500
time="2025-12-17T08:40:58+07:00" level=info msg="Success response" message="Gagal mendapatkan data kategori" status=500
time="2025-12-17T08:40:59+07:00" level=info msg="Success response" message="Gagal memperbarui kategori" status=500
time="2025-12-17T08:41:01+07:00" level=info msg="Success response" message="Gagal menghapus kategori" status=500
time="2025-12-17T08:41:46+07:00" level=info msg="Application started"
time="2025-12-17T08:41:46+07:00" level=info msg="Ini adalah service dari memory&{0xc00005c458}"
time="2025-12-17T08:41:46+07:00" level=info msg="Server running on port :8080"
time="2025-12-17T08:41:50+07:00" level=info msg="Application started"
time="2025-12-17T08:41:50+07:00" level=info msg="Ini adalah service dari memory&{0xc00020a058}"
time="2025-12-17T08:41:50+07:00" level=info msg="Server running on port :8080"
time="2025-12-17T08:41:59+07:00" level=info msg="Application started"
time="2025-12-17T08:41:59+07:00" level=info msg="Ini adalah service dari memory&{0xc00020a058}"
time="2025-12-17T08:41:59+07:00" level=info msg="Server running on port :8080"
time="2025-12-17T08:42:04+07:00" level=info msg="Application started"
time="2025-12-17T08:42:04+07:00" level=info msg="Ini adalah service dari memory&{0xc00005c060}"
time="2025-12-17T08:42:04+07:00" level=info msg="Server running on port :8080"
time="2025-12-17T08:42:32+07:00" level=info msg="Success response" message="Gagal membuat kategori" status=500
time="2025-12-17T08:42:38+07:00" level=info msg="Success response" message="Gagal membuat kategori" status=500
time="2025-12-17T08:42:41+07:00" level=info msg="Success response" message="Gagal mendapatkan data kategori" status=500
time="2025-12-17T08:42:43+07:00" level=info msg="Success response" message="Gagal memperbarui kategori" status=500
time="2025-12-17T08:42:44+07:00" level=info msg="Success response" message="Gagal menghapus kategori" status=500
time="2025-12-17T08:43:14+07:00" level=info msg="Application started"
time="2025-12-17T08:43:14+07:00" level=info msg="Ini adalah service dari memory&{0xc00005c458}"
time="2025-12-17T08:43:14+07:00" level=info msg="Server running on port :8080"
time="2025-12-17T08:44:20+07:00" level=info msg="Success response" message="Gagal mengambil data kategori" status=500
time="2025-12-17T08:44:25+07:00" level=info msg="Success response" message="Gagal mendapatkan data kategori" status=500
time="2025-12-17T08:44:30+07:00" level=info msg="Success response" message="Gagal mendapatkan data kategori" status=500
time="2025-12-17T08:44:34+07:00" level=info msg="Success response" message="Gagal mengambil data kategori" status=500
time="2025-12-17T08:45:16+07:00" level=info msg="Application started"
time="2025-12-17T08:45:16+07:00" level=info msg="Ini adalah service dari memory&{0xc00005c458}"
time="2025-12-17T08:45:16+07:00" level=info msg="Server running on port :8080"
time="2025-12-17T08:49:32+07:00" level=info msg="Application started"
time="2025-12-17T08:49:32+07:00" level=info msg="Ini adalah service dari memory&{0xc0000ac450}"
time="2025-12-17T08:49:32+07:00" level=info msg="Server running on port :8080"
time="2025-12-17T08:49:51+07:00" level=info msg="Application started"
time="2025-12-17T08:49:51+07:00" level=info msg="Ini adalah service dari memory&{0xc00005c458}"
time="2025-12-17T08:49:51+07:00" level=info msg="Server running on port :8080"
time="2025-12-17T08:49:55+07:00" level=info msg="Application started"
time="2025-12-17T08:49:55+07:00" level=info msg="Ini adalah service dari memory&{0xc00020e058}"
time="2025-12-17T08:49:55+07:00" level=info msg="Server running on port :8080"
time="2025-12-17T08:49:57+07:00" level=info msg="Application started"
time="2025-12-17T08:49:57+07:00" level=info msg="Ini adalah service dari memory&{0xc000284060}"
time="2025-12-17T08:49:57+07:00" level=info msg="Server running on port :8080"
time="2025-12-17T08:50:56+07:00" level=info msg="Application started"
time="2025-12-17T08:50:56+07:00" level=info msg="Ini adalah service dari memory&{0xc00011c450}"
time="2025-12-17T08:50:56+07:00" level=info msg="Server running on port :8080"
time="2025-12-17T08:51:09+07:00" level=info msg="Application started"
time="2025-12-17T08:51:09+07:00" level=info msg="Ini adalah service dari memory&{0xc00005c060}"
time="2025-12-17T08:51:09+07:00" level=info msg="Server running on port :8080"
time="2025-12-17T08:51:22+07:00" level=info msg="Application started"
time="2025-12-17T08:51:22+07:00" level=info msg="Ini adalah service dari memory&{0xc00011c450}"
time="2025-12-17T08:51:22+07:00" level=info msg="Server running on port :8080"
time="2025-12-17T08:51:27+07:00" level=info msg="Application started"
time="2025-12-17T08:51:27+07:00" level=info msg="Ini adalah service dari memory&{0xc00019c450}"
time="2025-12-17T08:51:27+07:00" level=info msg="Server running on port :8080"
time="2025-12-17T08:51:30+07:00" level=info msg="Application started"
time="2025-12-17T08:51:30+07:00" level=info msg="Ini adalah service dari memory&{0xc00005c458}"
time="2025-12-17T08:51:30+07:00" level=info msg="Server running on port :8080"
time="2025-12-17T08:51:32+07:00" level=info msg="Application started"
time="2025-12-17T08:51:32+07:00" level=info msg="Ini adalah service dari memory&{0xc000196450}"
time="2025-12-17T08:51:32+07:00" level=info msg="Server running on port :8080"
time="2025-12-17T08:51:37+07:00" level=info msg="Application started"
time="2025-12-17T08:51:37+07:00" level=info msg="Ini adalah service dari memory&{0xc000196450}"
time="2025-12-17T08:51:37+07:00" level=info msg="Server running on port :8080"
time="2025-12-17T08:51:40+07:00" level=info msg="Application started"
time="2025-12-17T08:51:40+07:00" level=info msg="Ini adalah service dari memory&{0xc00011c058}"
time="2025-12-17T08:51:40+07:00" level=info msg="Server running on port :8080"
time="2025-12-17T08:51:46+07:00" level=info msg="Application started"
time="2025-12-17T08:51:46+07:00" level=info msg="Ini adalah service dari memory&{0xc00005c458}"
time="2025-12-17T08:51:46+07:00" level=info msg="Server running on port :8080"
time="2025-12-17T08:52:11+07:00" level=info msg="Application started"
time="2025-12-17T08:52:11+07:00" level=info msg="Ini adalah service dari memory&{0xc000126058}"
time="2025-12-17T08:52:11+07:00" level=info msg="Server running on port :8080"
time="2025-12-17T08:52:17+07:00" level=info msg="Application started"
time="2025-12-17T08:52:17+07:00" level=info msg="Ini adalah service dari memory&{0xc00011e058}"
time="2025-12-17T08:52:17+07:00" level=info msg="Server running on port :8080"
time="2025-12-17T08:52:25+07:00" level=info msg="Application started"
time="2025-12-17T08:52:25+07:00" level=info msg="Ini adalah service dari memory&{0xc000294058}"
time="2025-12-17T08:52:25+07:00" level=info msg="Server running on port :8080"
time="2025-12-17T08:52:30+07:00" level=info msg="Application started"
time="2025-12-17T08:52:30+07:00" level=info msg="Ini adalah service dari memory&{0xc00005c458}"
time="2025-12-17T08:52:30+07:00" level=info msg="Server running on port :8080"
time="2025-12-17T08:52:30+07:00" level=info msg="Application started"
time="2025-12-17T08:52:30+07:00" level=info msg="Ini adalah service dari memory&{0xc00020a058}"
time="2025-12-17T08:52:30+07:00" level=info msg="Server running on port :8080"
time="2025-12-17T08:52:34+07:00" level=info msg="Application started"
time="2025-12-17T08:52:34+07:00" level=info msg="Ini adalah service dari memory&{0xc00011c450}"
time="2025-12-17T08:52:34+07:00" level=info msg="Server running on port :8080"
time="2025-12-17T08:52:41+07:00" level=info msg="Application started"
time="2025-12-17T08:52:41+07:00" level=info msg="Ini adalah service dari memory&{0xc00011a058}"
time="2025-12-17T08:52:41+07:00" level=info msg="Server running on port :8080"
time="2025-12-17T08:52:43+07:00" level=info msg="Application started"
time="2025-12-17T08:52:43+07:00" level=info msg="Ini adalah service dari memory&{0xc00005c060}"
time="2025-12-17T08:52:43+07:00" level=info msg="Server running on port :8080"
time="2025-12-17T08:52:45+07:00" level=info msg="Application started"
time="2025-12-17T08:52:45+07:00" level=info msg="Ini adalah service dari memory&{0xc00011e058}"
time="2025-12-17T08:52:45+07:00" level=info msg="Server running on port :8080"
time="2025-12-17T08:52:57+07:00" level=info msg="Application started"
time="2025-12-17T08:52:57+07:00" level=info msg="Ini adalah service dari memory&{0xc000114450}"
time="2025-12-17T08:52:57+07:00" level=info msg="Server running on port :8080"
time="2025-12-17T08:53:00+07:00" level=info msg="Application started"
time="2025-12-17T08:53:00+07:00" level=info msg="Ini adalah service dari memory&{0xc000182448}"
time="2025-12-17T08:53:00+07:00" level=info msg="Server running on port :8080"
time="2025-12-17T08:53:15+07:00" level=info msg="Application started"
time="2025-12-17T08:53:15+07:00" level=info msg="Ini adalah service dari memory&{0xc0000b4450}"
time="2025-12-17T08:53:15+07:00" level=info msg="Server running on port :8080"
time="2025-12-17T08:53:25+07:00" level=info msg="Application started"
time="2025-12-17T08:53:25+07:00" level=info msg="Ini adalah service dari memory&{0xc00005c458}"
time="2025-12-17T08:53:25+07:00" level=info msg="Server running on port :8080"
time="2025-12-17T08:53:30+07:00" level=info msg="Application started"
time="2025-12-17T08:53:30+07:00" level=info msg="Ini adalah service dari memory&{0xc00020e058}"
time="2025-12-17T08:53:30+07:00" level=info msg="Server running on port :8080"
time="2025-12-17T08:53:31+07:00" level=info msg="Application started"
time="2025-12-17T08:53:31+07:00" level=info msg="Ini adalah service dari memory&{0xc00005c060}"
time="2025-12-17T08:53:31+07:00" level=info msg="Server running on port :8080"
time="2025-12-17T08:53:34+07:00" level=info msg="Application started"
time="2025-12-17T08:53:34+07:00" level=info msg="Ini adalah service dari memory&{0xc00005c458}"
time="2025-12-17T08:53:34+07:00" level=info msg="Server running on port :8080"
time="2025-12-17T08:53:52+07:00" level=info msg="Application started"
time="2025-12-17T08:53:52+07:00" level=info msg="Ini adalah service dari memory&{0xc000114450}"
time="2025-12-17T08:53:52+07:00" level=info msg="Server running on port :8080"
time="2025-12-17T08:54:14+07:00" level=info msg="Application started"
time="2025-12-17T08:54:14+07:00" level=info msg="Ini adalah service dari memory&{0xc00005c060}"
time="2025-12-17T08:54:14+07:00" level=info msg="Server running on port :8080"
time="2025-12-17T08:54:15+07:00" level=info msg="Application started"
time="2025-12-17T08:54:15+07:00" level=info msg="Ini adalah service dari memory&{0xc00020a058}"
time="2025-12-17T08:54:15+07:00" level=info msg="Server running on port :8080"
time="2025-12-17T08:54:17+07:00" level=info msg="Application started"
time="2025-12-17T08:54:17+07:00" level=info msg="Ini adalah service dari memory&{0xc00011c450}"
time="2025-12-17T08:54:17+07:00" level=info msg="Server running on port :8080"
time="2025-12-17T08:54:20+07:00" level=info msg="Application started"
time="2025-12-17T08:54:20+07:00" level=info msg="Ini adalah service dari memory&{0xc00028a058}"
time="2025-12-17T08:54:20+07:00" level=info msg="Server running on port :8080"
time="2025-12-17T08:54:36+07:00" level=info msg="Application started"
time="2025-12-17T08:54:36+07:00" level=info msg="Ini adalah service dari memory&{0xc00028a058}"
time="2025-12-17T08:54:36+07:00" level=info msg="Server running on port :8080"
time="2025-12-17T08:54:42+07:00" level=info msg="Application started"
time="2025-12-17T08:54:42+07:00" level=info msg="Ini adalah service dari memory&{0xc00005c458}"
time="2025-12-17T08:54:42+07:00" level=info msg="Server running on port :8080"
time="2025-12-17T09:53:45+07:00" level=info msg="Application started"
time="2025-12-17T09:53:45+07:00" level=info msg="Ini adalah service dari memory&{0xc00011c450}"
time="2025-12-17T09:53:45+07:00" level=info msg="Server running on port :8080"
time="2025-12-17T09:55:54+07:00" level=info msg="Success response" message="Gagal membuat brand product" status=500
time="2025-12-17T09:56:02+07:00" level=info msg="Success response" message="Gagal mendapatkan data brand product" status=500
time="2025-12-17T09:58:05+07:00" level=info msg="Application started"
time="2025-12-17T09:58:05+07:00" level=info msg="Ini adalah service dari memory&{0xc00005c458}"
time="2025-12-17T09:58:05+07:00" level=info msg="Server running on port :8080"
time="2025-12-17T09:58:08+07:00" level=info msg="Application started"
time="2025-12-17T09:58:08+07:00" level=info msg="Ini adalah service dari memory&{0xc00005c060}"
time="2025-12-17T09:58:08+07:00" level=info msg="Server running on port :8080"
time="2025-12-17T09:58:10+07:00" level=info msg="Application started"
time="2025-12-17T09:58:10+07:00" level=info msg="Ini adalah service dari memory&{0xc00005c458}"
time="2025-12-17T09:58:10+07:00" level=info msg="Server running on port :8080"
time="2025-12-17T09:58:15+07:00" level=info msg="Application started"
time="2025-12-17T09:58:15+07:00" level=info msg="Ini adalah service dari memory&{0xc00005c458}"
time="2025-12-17T09:58:15+07:00" level=info msg="Server running on port :8080"
time="2025-12-17T09:59:30+07:00" level=info msg="Success response" message="Gagal mendapatkan data brand product" status=500
time="2025-12-17T10:00:17+07:00" level=info msg="Application started"
time="2025-12-17T10:00:17+07:00" level=info msg="Ini adalah service dari memory&{0xc00005c068}"
time="2025-12-17T10:00:17+07:00" level=info msg="Server running on port :8080"
time="2025-12-17T10:00:22+07:00" level=info msg="Application started"
time="2025-12-17T10:00:22+07:00" level=info msg="Ini adalah service dari memory&{0xc00028a058}"
time="2025-12-17T10:00:22+07:00" level=info msg="Server running on port :8080"
